{"/Users/korirdesmond/Documents/projects/node/Cashcog-API/src/app/index.js": {"path":"/Users/korirdesmond/Documents/projects/node/Cashcog-API/src/app/index.js","statementMap":{"0":{"start":{"line":12,"column":12},"end":{"line":12,"column":21}},"1":{"start":{"line":14,"column":0},"end":{"line":14,"column":14}},"2":{"start":{"line":17,"column":0},"end":{"line":19,"column":2}},"3":{"start":{"line":18,"column":2},"end":{"line":18,"column":23}},"4":{"start":{"line":21,"column":0},"end":{"line":21,"column":17}},"5":{"start":{"line":22,"column":0},"end":{"line":22,"column":23}},"6":{"start":{"line":23,"column":0},"end":{"line":23,"column":27}},"7":{"start":{"line":24,"column":0},"end":{"line":24,"column":51}},"8":{"start":{"line":26,"column":0},"end":{"line":26,"column":24}},"9":{"start":{"line":27,"column":0},"end":{"line":27,"column":104}},"10":{"start":{"line":27,"column":27},"end":{"line":27,"column":102}},"11":{"start":{"line":29,"column":0},"end":{"line":29,"column":21}}},"fnMap":{"0":{"name":"(anonymous_0)","decl":{"start":{"line":17,"column":30},"end":{"line":17,"column":31}},"loc":{"start":{"line":17,"column":36},"end":{"line":19,"column":1}},"line":17},"1":{"name":"(anonymous_1)","decl":{"start":{"line":27,"column":13},"end":{"line":27,"column":14}},"loc":{"start":{"line":27,"column":27},"end":{"line":27,"column":102}},"line":27}},"branchMap":{},"s":{"0":1,"1":1,"2":1,"3":0,"4":1,"5":1,"6":1,"7":1,"8":1,"9":1,"10":0,"11":1},"f":{"0":0,"1":0},"b":{},"_coverageSchema":"43e27e138ebf9cfc5966b082cf9a028302ed4184","hash":"c28ac1cd3d18cd45c3b59670dcc8b48411b5b9a3"}
,"/Users/korirdesmond/Documents/projects/node/Cashcog-API/src/app/controllers/index.js": {"path":"/Users/korirdesmond/Documents/projects/node/Cashcog-API/src/app/controllers/index.js","statementMap":{"0":{"start":{"line":3,"column":17},"end":{"line":3,"column":19}},"1":{"start":{"line":5,"column":0},"end":{"line":12,"column":2}},"2":{"start":{"line":6,"column":4},"end":{"line":6,"column":31}},"3":{"start":{"line":7,"column":4},"end":{"line":11,"column":48}},"4":{"start":{"line":9,"column":8},"end":{"line":9,"column":45}},"5":{"start":{"line":11,"column":20},"end":{"line":11,"column":47}},"6":{"start":{"line":14,"column":1},"end":{"line":23,"column":3}},"7":{"start":{"line":15,"column":5},"end":{"line":22,"column":6}},"8":{"start":{"line":16,"column":9},"end":{"line":18,"column":11}},"9":{"start":{"line":20,"column":9},"end":{"line":21,"column":39}},"10":{"start":{"line":25,"column":0},"end":{"line":35,"column":2}},"11":{"start":{"line":26,"column":4},"end":{"line":34,"column":5}},"12":{"start":{"line":27,"column":8},"end":{"line":27,"column":33}},"13":{"start":{"line":28,"column":8},"end":{"line":30,"column":10}},"14":{"start":{"line":32,"column":8},"end":{"line":33,"column":38}},"15":{"start":{"line":37,"column":0},"end":{"line":48,"column":1}},"16":{"start":{"line":38,"column":4},"end":{"line":46,"column":5}},"17":{"start":{"line":39,"column":8},"end":{"line":39,"column":35}},"18":{"start":{"line":40,"column":8},"end":{"line":42,"column":10}},"19":{"start":{"line":44,"column":8},"end":{"line":45,"column":38}},"20":{"start":{"line":51,"column":26},"end":{"line":63,"column":1}},"21":{"start":{"line":53,"column":4},"end":{"line":60,"column":5}},"22":{"start":{"line":54,"column":8},"end":{"line":54,"column":64}},"23":{"start":{"line":55,"column":8},"end":{"line":57,"column":9}},"24":{"start":{"line":56,"column":10},"end":{"line":56,"column":70}},"25":{"start":{"line":59,"column":8},"end":{"line":59,"column":61}},"26":{"start":{"line":61,"column":4},"end":{"line":61,"column":25}},"27":{"start":{"line":62,"column":4},"end":{"line":62,"column":10}},"28":{"start":{"line":65,"column":33},"end":{"line":76,"column":1}},"29":{"start":{"line":66,"column":4},"end":{"line":67,"column":81}},"30":{"start":{"line":67,"column":7},"end":{"line":67,"column":81}},"31":{"start":{"line":69,"column":22},"end":{"line":69,"column":58}},"32":{"start":{"line":71,"column":4},"end":{"line":72,"column":92}},"33":{"start":{"line":72,"column":8},"end":{"line":72,"column":92}},"34":{"start":{"line":74,"column":4},"end":{"line":74,"column":44}},"35":{"start":{"line":75,"column":4},"end":{"line":75,"column":10}}},"fnMap":{"0":{"name":"(anonymous_0)","decl":{"start":{"line":5,"column":28},"end":{"line":5,"column":29}},"loc":{"start":{"line":5,"column":48},"end":{"line":12,"column":2}},"line":5},"1":{"name":"(anonymous_1)","decl":{"start":{"line":8,"column":10},"end":{"line":8,"column":11}},"loc":{"start":{"line":8,"column":22},"end":{"line":10,"column":5}},"line":8},"2":{"name":"(anonymous_2)","decl":{"start":{"line":11,"column":11},"end":{"line":11,"column":12}},"loc":{"start":{"line":11,"column":20},"end":{"line":11,"column":47}},"line":11},"3":{"name":"(anonymous_3)","decl":{"start":{"line":14,"column":28},"end":{"line":14,"column":29}},"loc":{"start":{"line":14,"column":48},"end":{"line":23,"column":3}},"line":14},"4":{"name":"(anonymous_4)","decl":{"start":{"line":25,"column":27},"end":{"line":25,"column":28}},"loc":{"start":{"line":25,"column":47},"end":{"line":35,"column":2}},"line":25},"5":{"name":"(anonymous_5)","decl":{"start":{"line":37,"column":27},"end":{"line":37,"column":28}},"loc":{"start":{"line":37,"column":47},"end":{"line":48,"column":1}},"line":37},"6":{"name":"(anonymous_6)","decl":{"start":{"line":51,"column":26},"end":{"line":51,"column":27}},"loc":{"start":{"line":51,"column":52},"end":{"line":63,"column":1}},"line":51},"7":{"name":"(anonymous_7)","decl":{"start":{"line":65,"column":33},"end":{"line":65,"column":34}},"loc":{"start":{"line":65,"column":59},"end":{"line":76,"column":1}},"line":65}},"branchMap":{"0":{"loc":{"start":{"line":55,"column":8},"end":{"line":57,"column":9}},"type":"if","locations":[{"start":{"line":55,"column":8},"end":{"line":57,"column":9}},{"start":{"line":55,"column":8},"end":{"line":57,"column":9}}],"line":55},"1":{"loc":{"start":{"line":66,"column":4},"end":{"line":67,"column":81}},"type":"if","locations":[{"start":{"line":66,"column":4},"end":{"line":67,"column":81}},{"start":{"line":66,"column":4},"end":{"line":67,"column":81}}],"line":66},"2":{"loc":{"start":{"line":66,"column":7},"end":{"line":66,"column":38}},"type":"binary-expr","locations":[{"start":{"line":66,"column":7},"end":{"line":66,"column":16}},{"start":{"line":66,"column":20},"end":{"line":66,"column":38}}],"line":66},"3":{"loc":{"start":{"line":71,"column":4},"end":{"line":72,"column":92}},"type":"if","locations":[{"start":{"line":71,"column":4},"end":{"line":72,"column":92}},{"start":{"line":71,"column":4},"end":{"line":72,"column":92}}],"line":71}},"s":{"0":1,"1":1,"2":1,"3":1,"4":1,"5":0,"6":1,"7":1,"8":1,"9":0,"10":1,"11":1,"12":1,"13":1,"14":0,"15":1,"16":1,"17":1,"18":1,"19":0,"20":1,"21":6,"22":6,"23":6,"24":1,"25":0,"26":5,"27":5,"28":1,"29":3,"30":1,"31":2,"32":2,"33":1,"34":1,"35":1},"f":{"0":1,"1":1,"2":0,"3":1,"4":1,"5":1,"6":6,"7":3},"b":{"0":[1,5],"1":[1,2],"2":[3,3],"3":[1,1]},"_coverageSchema":"43e27e138ebf9cfc5966b082cf9a028302ed4184","hash":"e96703b6e1081a4dbce997873252989296b7171a"}
,"/Users/korirdesmond/Documents/projects/node/Cashcog-API/src/app/db/connect.js": {"path":"/Users/korirdesmond/Documents/projects/node/Cashcog-API/src/app/db/connect.js","statementMap":{"0":{"start":{"line":5,"column":15},"end":{"line":5,"column":38}},"1":{"start":{"line":7,"column":0},"end":{"line":7,"column":16}},"2":{"start":{"line":9,"column":20},"end":{"line":35,"column":1}},"3":{"start":{"line":11,"column":16},"end":{"line":11,"column":39}},"4":{"start":{"line":12,"column":20},"end":{"line":12,"column":54}},"5":{"start":{"line":13,"column":25},"end":{"line":18,"column":5}},"6":{"start":{"line":20,"column":4},"end":{"line":34,"column":5}},"7":{"start":{"line":21,"column":8},"end":{"line":29,"column":9}},"8":{"start":{"line":25,"column":12},"end":{"line":25,"column":58}},"9":{"start":{"line":26,"column":12},"end":{"line":26,"column":48}},"10":{"start":{"line":28,"column":12},"end":{"line":28,"column":56}},"11":{"start":{"line":30,"column":8},"end":{"line":30,"column":45}},"12":{"start":{"line":33,"column":8},"end":{"line":33,"column":57}},"13":{"start":{"line":40,"column":0},"end":{"line":44,"column":1}},"14":{"start":{"line":41,"column":4},"end":{"line":41,"column":45}},"15":{"start":{"line":42,"column":4},"end":{"line":42,"column":38}},"16":{"start":{"line":43,"column":4},"end":{"line":43,"column":24}},"17":{"start":{"line":49,"column":0},"end":{"line":56,"column":1}},"18":{"start":{"line":50,"column":24},"end":{"line":50,"column":55}},"19":{"start":{"line":52,"column":4},"end":{"line":55,"column":5}},"20":{"start":{"line":53,"column":27},"end":{"line":53,"column":43}},"21":{"start":{"line":54,"column":8},"end":{"line":54,"column":38}}},"fnMap":{"0":{"name":"(anonymous_0)","decl":{"start":{"line":9,"column":20},"end":{"line":9,"column":21}},"loc":{"start":{"line":9,"column":32},"end":{"line":35,"column":1}},"line":9},"1":{"name":"(anonymous_1)","decl":{"start":{"line":40,"column":31},"end":{"line":40,"column":32}},"loc":{"start":{"line":40,"column":43},"end":{"line":44,"column":1}},"line":40},"2":{"name":"(anonymous_2)","decl":{"start":{"line":49,"column":31},"end":{"line":49,"column":32}},"loc":{"start":{"line":49,"column":43},"end":{"line":56,"column":1}},"line":49}},"branchMap":{"0":{"loc":{"start":{"line":21,"column":8},"end":{"line":29,"column":9}},"type":"if","locations":[{"start":{"line":21,"column":8},"end":{"line":29,"column":9}},{"start":{"line":21,"column":8},"end":{"line":29,"column":9}}],"line":21}},"s":{"0":1,"1":1,"2":1,"3":1,"4":1,"5":1,"6":1,"7":1,"8":1,"9":1,"10":0,"11":1,"12":0,"13":1,"14":1,"15":1,"16":1,"17":1,"18":1,"19":1,"20":1,"21":1},"f":{"0":1,"1":1,"2":1},"b":{"0":[1,0]},"_coverageSchema":"43e27e138ebf9cfc5966b082cf9a028302ed4184","hash":"0be7847f9f5dbe19fc067913c1cd96182faacb56"}
,"/Users/korirdesmond/Documents/projects/node/Cashcog-API/src/app/models/expense.js": {"path":"/Users/korirdesmond/Documents/projects/node/Cashcog-API/src/app/models/expense.js","statementMap":{"0":{"start":{"line":3,"column":13},"end":{"line":3,"column":28}},"1":{"start":{"line":6,"column":20},"end":{"line":48,"column":2}},"2":{"start":{"line":50,"column":14},"end":{"line":50,"column":54}},"3":{"start":{"line":52,"column":0},"end":{"line":52,"column":25}}},"fnMap":{},"branchMap":{},"s":{"0":1,"1":1,"2":1,"3":1},"f":{},"b":{},"_coverageSchema":"43e27e138ebf9cfc5966b082cf9a028302ed4184","hash":"2cf0a7ef891ed5a5aaf7ad469dd6d29244201d29"}
,"/Users/korirdesmond/Documents/projects/node/Cashcog-API/src/app/routes/index.js": {"path":"/Users/korirdesmond/Documents/projects/node/Cashcog-API/src/app/routes/index.js","statementMap":{"0":{"start":{"line":5,"column":15},"end":{"line":5,"column":31}},"1":{"start":{"line":7,"column":72},"end":{"line":7,"column":83}},"2":{"start":{"line":9,"column":0},"end":{"line":9,"column":40}},"3":{"start":{"line":10,"column":0},"end":{"line":10,"column":56}},"4":{"start":{"line":11,"column":0},"end":{"line":11,"column":77}},"5":{"start":{"line":12,"column":0},"end":{"line":12,"column":59}},"6":{"start":{"line":14,"column":0},"end":{"line":14,"column":24}}},"fnMap":{},"branchMap":{},"s":{"0":1,"1":1,"2":1,"3":1,"4":1,"5":1,"6":1},"f":{},"b":{},"_coverageSchema":"43e27e138ebf9cfc5966b082cf9a028302ed4184","hash":"91d73a711b4217f1a8496d0bec9122f69792cb0b"}
,"/Users/korirdesmond/Documents/projects/node/Cashcog-API/src/app/utils/index.js": {"path":"/Users/korirdesmond/Documents/projects/node/Cashcog-API/src/app/utils/index.js","statementMap":{"0":{"start":{"line":5,"column":34},"end":{"line":30,"column":1}},"1":{"start":{"line":6,"column":16},"end":{"line":6,"column":48}},"2":{"start":{"line":8,"column":4},"end":{"line":27,"column":10}},"3":{"start":{"line":10,"column":12},"end":{"line":10,"column":35}},"4":{"start":{"line":13,"column":26},"end":{"line":13,"column":39}},"5":{"start":{"line":14,"column":12},"end":{"line":22,"column":18}},"6":{"start":{"line":16,"column":16},"end":{"line":16,"column":61}},"7":{"start":{"line":17,"column":16},"end":{"line":17,"column":31}},"8":{"start":{"line":20,"column":16},"end":{"line":20,"column":61}},"9":{"start":{"line":21,"column":16},"end":{"line":21,"column":28}},"10":{"start":{"line":25,"column":12},"end":{"line":25,"column":56}},"11":{"start":{"line":26,"column":12},"end":{"line":26,"column":24}}},"fnMap":{"0":{"name":"(anonymous_0)","decl":{"start":{"line":5,"column":34},"end":{"line":5,"column":35}},"loc":{"start":{"line":5,"column":46},"end":{"line":30,"column":1}},"line":5},"1":{"name":"(anonymous_1)","decl":{"start":{"line":9,"column":14},"end":{"line":9,"column":15}},"loc":{"start":{"line":9,"column":28},"end":{"line":11,"column":9}},"line":9},"2":{"name":"(anonymous_2)","decl":{"start":{"line":12,"column":14},"end":{"line":12,"column":15}},"loc":{"start":{"line":12,"column":24},"end":{"line":23,"column":9}},"line":12},"3":{"name":"(anonymous_3)","decl":{"start":{"line":15,"column":23},"end":{"line":15,"column":24}},"loc":{"start":{"line":15,"column":35},"end":{"line":18,"column":17}},"line":15},"4":{"name":"(anonymous_4)","decl":{"start":{"line":19,"column":23},"end":{"line":19,"column":24}},"loc":{"start":{"line":19,"column":32},"end":{"line":22,"column":17}},"line":19},"5":{"name":"(anonymous_5)","decl":{"start":{"line":24,"column":15},"end":{"line":24,"column":16}},"loc":{"start":{"line":24,"column":24},"end":{"line":27,"column":9}},"line":24}},"branchMap":{},"s":{"0":1,"1":0,"2":0,"3":0,"4":0,"5":0,"6":0,"7":0,"8":0,"9":0,"10":0,"11":0},"f":{"0":0,"1":0,"2":0,"3":0,"4":0,"5":0},"b":{},"_coverageSchema":"43e27e138ebf9cfc5966b082cf9a028302ed4184","hash":"a30e308e92444edfd02337c4a939c4faa04eb1a6"}
}
