TN:
SF:/Users/korirdesmond/Documents/projects/node/Cashcog-API/src/app/index.js
FN:17,(anonymous_0)
FN:27,(anonymous_1)
FNF:2
FNH:0
FNDA:0,(anonymous_0)
FNDA:0,(anonymous_1)
DA:12,1
DA:14,1
DA:17,1
DA:18,0
DA:21,1
DA:22,1
DA:23,1
DA:24,1
DA:26,1
DA:27,1
DA:29,1
LF:11
LH:10
BRF:0
BRH:0
end_of_record
TN:
SF:/Users/korirdesmond/Documents/projects/node/Cashcog-API/src/app/controllers/index.js
FN:5,(anonymous_0)
FN:8,(anonymous_1)
FN:11,(anonymous_2)
FN:14,(anonymous_3)
FN:26,(anonymous_4)
FN:33,(anonymous_5)
FN:37,(anonymous_6)
FN:42,(anonymous_7)
FN:48,(anonymous_8)
FNF:9
FNH:7
FNDA:1,(anonymous_0)
FNDA:1,(anonymous_1)
FNDA:0,(anonymous_2)
FNDA:2,(anonymous_3)
FNDA:1,(anonymous_4)
FNDA:1,(anonymous_5)
FNDA:1,(anonymous_6)
FNDA:1,(anonymous_7)
FNDA:0,(anonymous_8)
DA:3,1
DA:5,1
DA:6,1
DA:7,1
DA:9,1
DA:11,0
DA:14,1
DA:15,2
DA:16,2
DA:27,1
DA:28,1
DA:33,1
DA:37,1
DA:38,1
DA:39,1
DA:43,1
DA:48,0
LF:17
LH:15
BRF:0
BRH:0
end_of_record
TN:
SF:/Users/korirdesmond/Documents/projects/node/Cashcog-API/src/app/db/connect.js
FN:9,(anonymous_0)
FN:39,(anonymous_1)
FN:48,(anonymous_2)
FNF:3
FNH:3
FNDA:1,(anonymous_0)
FNDA:1,(anonymous_1)
FNDA:4,(anonymous_2)
DA:3,1
DA:5,1
DA:7,1
DA:9,1
DA:11,1
DA:12,1
DA:13,1
DA:20,1
DA:21,1
DA:25,1
DA:27,0
DA:29,1
DA:32,0
DA:39,1
DA:40,1
DA:41,1
DA:42,1
DA:48,1
DA:49,4
DA:51,4
DA:52,4
DA:53,4
LF:22
LH:20
BRDA:21,0,0,1
BRDA:21,0,1,0
BRF:2
BRH:1
end_of_record
TN:
SF:/Users/korirdesmond/Documents/projects/node/Cashcog-API/src/app/models/expense.js
FNF:0
FNH:0
DA:3,1
DA:6,1
DA:50,1
DA:52,1
LF:4
LH:4
BRF:0
BRH:0
end_of_record
TN:
SF:/Users/korirdesmond/Documents/projects/node/Cashcog-API/src/app/routes/index.js
FNF:0
FNH:0
DA:5,1
DA:7,1
DA:8,1
DA:9,1
DA:11,1
LF:5
LH:5
BRF:0
BRH:0
end_of_record
TN:
SF:/Users/korirdesmond/Documents/projects/node/Cashcog-API/src/app/utils/index.js
FN:5,(anonymous_0)
FN:9,(anonymous_1)
FN:12,(anonymous_2)
FN:15,(anonymous_3)
FN:19,(anonymous_4)
FN:24,(anonymous_5)
FNF:6
FNH:0
FNDA:0,(anonymous_0)
FNDA:0,(anonymous_1)
FNDA:0,(anonymous_2)
FNDA:0,(anonymous_3)
FNDA:0,(anonymous_4)
FNDA:0,(anonymous_5)
DA:5,1
DA:6,0
DA:8,0
DA:10,0
DA:13,0
DA:14,0
DA:16,0
DA:17,0
DA:20,0
DA:21,0
DA:25,0
DA:26,0
LF:12
LH:1
BRF:0
BRH:0
end_of_record
