TN:
SF:/Users/korirdesmond/Documents/projects/node/Cashcog-API/src/app/index.js
FN:17,(anonymous_0)
FN:27,(anonymous_1)
FNF:2
FNH:0
FNDA:0,(anonymous_0)
FNDA:0,(anonymous_1)
DA:12,1
DA:14,1
DA:17,1
DA:18,0
DA:21,1
DA:22,1
DA:23,1
DA:24,1
DA:26,1
DA:27,1
DA:29,1
LF:11
LH:10
BRF:0
BRH:0
end_of_record
TN:
SF:/Users/korirdesmond/Documents/projects/node/Cashcog-API/src/app/controllers/index.js
FN:5,(anonymous_0)
FN:8,(anonymous_1)
FN:11,(anonymous_2)
FN:14,(anonymous_3)
FN:25,(anonymous_4)
FN:37,(anonymous_5)
FN:51,(anonymous_6)
FN:65,(anonymous_7)
FNF:8
FNH:7
FNDA:1,(anonymous_0)
FNDA:1,(anonymous_1)
FNDA:0,(anonymous_2)
FNDA:1,(anonymous_3)
FNDA:1,(anonymous_4)
FNDA:1,(anonymous_5)
FNDA:6,(anonymous_6)
FNDA:3,(anonymous_7)
DA:3,1
DA:5,1
DA:6,1
DA:7,1
DA:9,1
DA:11,0
DA:14,1
DA:15,1
DA:16,1
DA:20,0
DA:25,1
DA:26,1
DA:27,1
DA:28,1
DA:32,0
DA:37,1
DA:38,1
DA:39,1
DA:40,1
DA:44,0
DA:51,1
DA:53,6
DA:54,6
DA:55,6
DA:56,1
DA:59,0
DA:61,5
DA:62,5
DA:65,1
DA:66,3
DA:67,1
DA:69,2
DA:71,2
DA:72,1
DA:74,1
DA:75,1
LF:36
LH:31
BRDA:55,0,0,1
BRDA:55,0,1,5
BRDA:66,1,0,1
BRDA:66,1,1,2
BRDA:66,2,0,3
BRDA:66,2,1,3
BRDA:71,3,0,1
BRDA:71,3,1,1
BRF:8
BRH:8
end_of_record
TN:
SF:/Users/korirdesmond/Documents/projects/node/Cashcog-API/src/app/db/connect.js
FN:9,(anonymous_0)
FN:40,(anonymous_1)
FN:49,(anonymous_2)
FNF:3
FNH:3
FNDA:1,(anonymous_0)
FNDA:1,(anonymous_1)
FNDA:1,(anonymous_2)
DA:5,1
DA:7,1
DA:9,1
DA:11,1
DA:12,1
DA:13,1
DA:20,1
DA:21,1
DA:25,1
DA:26,1
DA:28,0
DA:30,1
DA:33,0
DA:40,1
DA:41,1
DA:42,1
DA:43,1
DA:49,1
DA:50,1
DA:52,1
DA:53,1
DA:54,1
LF:22
LH:20
BRDA:21,0,0,1
BRDA:21,0,1,0
BRF:2
BRH:1
end_of_record
TN:
SF:/Users/korirdesmond/Documents/projects/node/Cashcog-API/src/app/models/expense.js
FNF:0
FNH:0
DA:3,1
DA:6,1
DA:50,1
DA:52,1
LF:4
LH:4
BRF:0
BRH:0
end_of_record
TN:
SF:/Users/korirdesmond/Documents/projects/node/Cashcog-API/src/app/routes/index.js
FNF:0
FNH:0
DA:5,1
DA:7,1
DA:9,1
DA:10,1
DA:11,1
DA:12,1
DA:14,1
LF:7
LH:7
BRF:0
BRH:0
end_of_record
TN:
SF:/Users/korirdesmond/Documents/projects/node/Cashcog-API/src/app/utils/index.js
FN:5,(anonymous_0)
FN:9,(anonymous_1)
FN:12,(anonymous_2)
FN:15,(anonymous_3)
FN:19,(anonymous_4)
FN:24,(anonymous_5)
FNF:6
FNH:0
FNDA:0,(anonymous_0)
FNDA:0,(anonymous_1)
FNDA:0,(anonymous_2)
FNDA:0,(anonymous_3)
FNDA:0,(anonymous_4)
FNDA:0,(anonymous_5)
DA:5,1
DA:6,0
DA:8,0
DA:10,0
DA:13,0
DA:14,0
DA:16,0
DA:17,0
DA:20,0
DA:21,0
DA:25,0
DA:26,0
LF:12
LH:1
BRF:0
BRH:0
end_of_record
